<?xml version="1.0" encoding="UTF-8"?>
<!-- Generated by org.testng.reporters.JUnitReportReporter -->
<testsuite skipped="0" hostname="DESKTOP-RQO49CP" name="Eventbuizz.loginTest" tests="1" failures="0" timestamp="2020-08-10T21:31:14 PKT" time="25.579" errors="0">
  <testcase name="EveTest" time="25.579" classname="Eventbuizz.loginTest"/>
  <system-out/>
</testsuite> <!-- Eventbuizz.loginTest -->
